<?xml version="1.0" encoding="UTF-8"?>
<testsuite name="example.HelloControllerTest" tests="1" skipped="0" failures="0" errors="0" timestamp="2020-04-13T04:04:35" hostname="ws-3fb33a37-0405-4803-9be8-5c73ff414883" time="0.908">
  <properties/>
  <testcase name="testHello()" classname="example.HelloControllerTest" time="0.908"/>
  <system-out><![CDATA[?[36m04:04:34.305?[0;39m ?[1;30m[Test worker]?[0;39m ?[34mINFO ?[0;39m ?[35mi.m.context.env.DefaultEnvironment?[0;39m - Established active environments: [test]
]]></system-out>
  <system-err><![CDATA[]]></system-err>
</testsuite>
